{
  "0 debug pnpm:scope": {
    "selected": 1
  },
  "1 debug pnpm:package-manifest": {
    "initial": {},
    "prefix": "/home/linux/Documents/Projects/ip-grabber"
  },
  "2 debug pnpm:context": {
    "currentLockfileExists": false,
    "storeDir": "/home/.pnpm-store/v3",
    "virtualStoreDir": "/home/linux/Documents/Projects/ip-grabber/node_modules/.pnpm"
  },
  "3 debug pnpm:stage": {
    "prefix": "/home/linux/Documents/Projects/ip-grabber",
    "stage": "resolution_started"
  },
  "4 debug pnpm:_dependency_resolved": {
    "resolution": "registry.npmjs.org/redirect/0.2.0",
    "wanted": {
      "dependentId": ".",
      "name": "redirect",
      "rawSpec": "latest"
    }
  },
  "5 debug pnpm:progress": {
    "packageId": "registry.npmjs.org/redirect/0.2.0",
    "requester": "/home/linux/Documents/Projects/ip-grabber",
    "status": "resolved"
  },
  "6 debug pnpm:_dependency_resolved": {
    "resolution": "registry.npmjs.org/file/0.2.2",
    "wanted": {
      "dependentId": ".",
      "name": "file",
      "rawSpec": "latest"
    }
  },
  "7 debug pnpm:progress": {
    "packageId": "registry.npmjs.org/file/0.2.2",
    "requester": "/home/linux/Documents/Projects/ip-grabber",
    "status": "resolved"
  },
  "8 debug pnpm:fetching-progress": {
    "attempt": 1,
    "packageId": "registry.npmjs.org/file/0.2.2",
    "size": 3809,
    "status": "started"
  },
  "9 debug pnpm:progress": {
    "packageId": "registry.npmjs.org/file/0.2.2",
    "requester": "/home/linux/Documents/Projects/ip-grabber",
    "status": "fetched"
  },
  "10 debug pnpm:_dependency_resolved": {
    "resolution": "registry.npmjs.org/http/0.0.1-security",
    "wanted": {
      "dependentId": ".",
      "name": "http",
      "rawSpec": "latest"
    }
  },
  "11 debug pnpm:progress": {
    "packageId": "registry.npmjs.org/http/0.0.1-security",
    "requester": "/home/linux/Documents/Projects/ip-grabber",
    "status": "resolved"
  },
  "12 debug pnpm:fetching-progress": {
    "attempt": 1,
    "packageId": "registry.npmjs.org/http/0.0.1-security",
    "size": 409,
    "status": "started"
  },
  "13 debug pnpm:_dependency_resolved": {
    "resolution": "registry.npmjs.org/https/1.0.0",
    "wanted": {
      "dependentId": ".",
      "name": "https",
      "rawSpec": "latest"
    }
  },
  "14 debug pnpm:progress": {
    "packageId": "registry.npmjs.org/https/1.0.0",
    "requester": "/home/linux/Documents/Projects/ip-grabber",
    "status": "resolved"
  },
  "15 debug pnpm:progress": {
    "packageId": "registry.npmjs.org/http/0.0.1-security",
    "requester": "/home/linux/Documents/Projects/ip-grabber",
    "status": "fetched"
  },
  "16 debug pnpm:update-check": {
    "currentVersion": "7.0.1",
    "latestVersion": "7.0.1"
  },
  "17 debug pnpm:_dependency_resolved": {
    "resolution": "registry.npmjs.org/connect/3.7.0",
    "wanted": {
      "dependentId": ".",
      "name": "connect",
      "rawSpec": "latest"
    }
  },
  "18 debug pnpm:progress": {
    "packageId": "registry.npmjs.org/connect/3.7.0",
    "requester": "/home/linux/Documents/Projects/ip-grabber",
    "status": "resolved"
  },
  "19 debug pnpm:fetching-progress": {
    "attempt": 1,
    "packageId": "registry.npmjs.org/redirect/0.2.0",
    "size": 2173,
    "status": "started"
  },
  "20 debug pnpm:fetching-progress": {
    "attempt": 1,
    "packageId": "registry.npmjs.org/https/1.0.0",
    "size": 317,
    "status": "started"
  },
  "21 debug pnpm:progress": {
    "packageId": "registry.npmjs.org/https/1.0.0",
    "requester": "/home/linux/Documents/Projects/ip-grabber",
    "status": "fetched"
  },
  "22 debug pnpm:progress": {
    "packageId": "registry.npmjs.org/redirect/0.2.0",
    "requester": "/home/linux/Documents/Projects/ip-grabber",
    "status": "fetched"
  },
  "23 debug pnpm:fetching-progress": {
    "attempt": 1,
    "packageId": "registry.npmjs.org/connect/3.7.0",
    "size": 27485,
    "status": "started"
  },
  "24 debug pnpm:progress": {
    "packageId": "registry.npmjs.org/connect/3.7.0",
    "requester": "/home/linux/Documents/Projects/ip-grabber",
    "status": "fetched"
  },
  "25 error pnpm": {
    "code": "ERR_PNPM_FETCH_404",
    "hint": "requestIp is not in the npm registry, or you have no permission to fetch it.\n\nNo authorization header was set for the request.",
    "request": {
      "url": "https://registry.npmjs.org/requestIp"
    },
    "response": {
      "size": 0
    },
    "pkgName": "requestIp",
    "spec": {
      "fetchSpec": "latest",
      "name": "requestIp",
      "type": "tag"
    },
    "pkgsStack": [],
    "err": {
      "name": "pnpm",
      "message": "GET https://registry.npmjs.org/requestIp: Not Found - 404",
      "code": "ERR_PNPM_FETCH_404",
      "stack": "pnpm: GET https://registry.npmjs.org/requestIp: Not Found - 404\n    at RetryOperation._fn (/snapshot/dist/pnpm.cjs)\n    at processTicksAndRejections (internal/process/task_queues.js:95:5)"
    }
  }
}